{
  "stats": {
    "suites": 2,
    "tests": 5,
    "passes": 4,
    "pending": 0,
    "failures": 1,
    "start": "2021-05-25T13:18:51.107Z",
    "end": "2021-05-25T13:19:16.462Z",
    "duration": 4340,
    "testsRegistered": 5,
    "passPercent": 80,
    "pendingPercent": 0,
    "other": 0,
    "hasOther": false,
    "skipped": 0,
    "hasSkipped": false
  },
  "results": [
    {
      "uuid": "f953283e-ed80-4e01-829b-55693acc5842",
      "title": "",
      "fullFile": "cypress/integration/spec.js",
      "file": "cypress/integration/spec.js",
      "beforeHooks": [],
      "afterHooks": [],
      "tests": [
        {
          "title": "has username to use",
          "fullTitle": "has username to use",
          "timedOut": null,
          "duration": 27,
          "state": "passed",
          "speed": "fast",
          "pass": true,
          "fail": false,
          "pending": false,
          "context": null,
          "code": "expect(Cypress.env('username')).to.be.a('string');",
          "err": {},
          "uuid": "b7880a37-0796-4a25-b9af-7d7157e0bb9a",
          "parentUUID": "f953283e-ed80-4e01-829b-55693acc5842",
          "isHook": false,
          "skipped": false
        },
        {
          "title": "has password to use",
          "fullTitle": "has password to use",
          "timedOut": null,
          "duration": 11,
          "state": "passed",
          "speed": "fast",
          "pass": true,
          "fail": false,
          "pending": false,
          "context": null,
          "code": "expect(Cypress.env('password')).to.be.a('string');",
          "err": {},
          "uuid": "1d6d0566-8c1c-466b-9190-e3cffe1242ae",
          "parentUUID": "f953283e-ed80-4e01-829b-55693acc5842",
          "isHook": false,
          "skipped": false
        }
      ],
      "suites": [],
      "passes": [
        "b7880a37-0796-4a25-b9af-7d7157e0bb9a",
        "1d6d0566-8c1c-466b-9190-e3cffe1242ae"
      ],
      "failures": [],
      "pending": [],
      "skipped": [],
      "duration": 38,
      "root": true,
      "rootEmpty": false,
      "_timeout": 2000
    },
    {
      "uuid": "f6e4dc44-727b-46cf-bf2d-f5edc84e6553",
      "title": "",
      "fullFile": "cypress/integration/login_tests/login.spec.js",
      "file": "cypress/integration/login_tests/login.spec.js",
      "beforeHooks": [],
      "afterHooks": [],
      "tests": [],
      "suites": [
        {
          "uuid": "6bf79c79-6203-4d5b-97a4-3466835b3204",
          "title": "Actions",
          "fullFile": "",
          "file": "",
          "beforeHooks": [],
          "afterHooks": [],
          "tests": [
            {
              "title": "should show error message of unsuccessful login",
              "fullTitle": "Actions should show error message of unsuccessful login",
              "timedOut": null,
              "duration": 1643,
              "state": "passed",
              "speed": "slow",
              "pass": true,
              "fail": false,
              "pending": false,
              "context": null,
              "code": "LoginPage.login(Cypress.env('username'), Cypress.env('password'));\nLoginPage.spanErrorMessage.should('have.text', 'No account found with that username.');",
              "err": {},
              "uuid": "d29a6a7e-285d-466c-baf5-b5a65dcf8721",
              "parentUUID": "6bf79c79-6203-4d5b-97a4-3466835b3204",
              "isHook": false,
              "skipped": false
            },
            {
              "title": "should show two error messages of not filling username and password",
              "fullTitle": "Actions should show two error messages of not filling username and password",
              "timedOut": null,
              "duration": 346,
              "state": "passed",
              "speed": "slow",
              "pass": true,
              "fail": false,
              "pending": false,
              "context": null,
              "code": "LoginPage.btnSubmit.click();\nLoginPage.spanErrorMessageForUserName.should('have.text', 'Please enter username.');\nLoginPage.spanErrorMessageForPassword.should('have.text', 'Please enter your password.');",
              "err": {},
              "uuid": "900e48ca-4b31-4a69-b54f-5d73846c0638",
              "parentUUID": "6bf79c79-6203-4d5b-97a4-3466835b3204",
              "isHook": false,
              "skipped": false
            },
            {
              "title": "should be successfully logined",
              "fullTitle": "Actions should be successfully logined",
              "timedOut": null,
              "duration": 2313,
              "state": "failed",
              "speed": null,
              "pass": false,
              "fail": true,
              "pending": false,
              "context": "{\n  \"title\": \"Failed screenshot\",\n  \"value\": \"screenshots\\\\login_tests\\\\login.spec.js\\\\Actions -- should be successfully logined (failed).png\"\n}",
              "code": "LoginPage.login(Cypress.env('username'), Cypress.env('password'));\ncy.location('pathname', {\n  timeout: 1000\n}).should('include', 'personal-profile');",
              "err": {
                "message": "AssertionError: Timed out retrying after 1000ms: expected '/qa-portal/registerlogin/registerlogin.php' to include 'personal-profile'",
                "estack": "AssertionError: Timed out retrying after 1000ms: expected '/qa-portal/registerlogin/registerlogin.php' to include 'personal-profile'\n    at Context.eval (https://www.pecodesoftware.com/__cypress/tests?p=cypress\\integration\\login_tests\\login.spec.js:124:8)",
                "diff": null
              },
              "uuid": "c0f2ebea-d33b-4c99-bc46-5cb5314da197",
              "parentUUID": "6bf79c79-6203-4d5b-97a4-3466835b3204",
              "isHook": false,
              "skipped": false
            }
          ],
          "suites": [],
          "passes": [
            "d29a6a7e-285d-466c-baf5-b5a65dcf8721",
            "900e48ca-4b31-4a69-b54f-5d73846c0638"
          ],
          "failures": [
            "c0f2ebea-d33b-4c99-bc46-5cb5314da197"
          ],
          "pending": [],
          "skipped": [],
          "duration": 4302,
          "root": false,
          "rootEmpty": false,
          "_timeout": 2000
        }
      ],
      "passes": [],
      "failures": [],
      "pending": [],
      "skipped": [],
      "duration": 0,
      "root": true,
      "rootEmpty": true,
      "_timeout": 2000
    }
  ],
  "meta": {
    "mocha": {
      "version": "7.0.1"
    },
    "mochawesome": {
      "options": {
        "quiet": false,
        "reportFilename": "mochawesome",
        "saveHtml": false,
        "saveJson": true,
        "consoleReporter": "spec",
        "useInlineDiffs": false,
        "code": true
      },
      "version": "6.2.2"
    },
    "marge": {
      "options": {
        "reportDir": "cypress\\results\\.jsons",
        "overwrite": false,
        "charts": true,
        "saveHtml": true,
        "saveJson": true,
        "reportPageTitle": "login-page-report",
        "html": false,
        "json": true
      },
      "version": "5.2.0"
    }
  }
}